  oscilloscope.cpp
d:\users\herman\documents\github\mydaq data to latex tool\mydaq data reformatter\oscilloscope.cpp(45): warning C4018: '<': signed/unsigned mismatch
d:\users\herman\documents\github\mydaq data to latex tool\mydaq data reformatter\oscilloscope.cpp(133): warning C4018: '<=': signed/unsigned mismatch
d:\users\herman\documents\github\mydaq data to latex tool\mydaq data reformatter\oscilloscope.cpp(192): warning C4244: 'argument': conversion from 'double' to 'float', possible loss of data
d:\users\herman\documents\github\mydaq data to latex tool\mydaq data reformatter\oscilloscope.cpp(194): warning C4244: 'argument': conversion from 'long double' to 'float', possible loss of data
d:\users\herman\documents\github\mydaq data to latex tool\mydaq data reformatter\oscilloscope.cpp(196): warning C4244: 'argument': conversion from 'long double' to 'float', possible loss of data
d:\users\herman\documents\github\mydaq data to latex tool\mydaq data reformatter\oscilloscope.cpp(256): warning C4018: '<=': signed/unsigned mismatch
d:\users\herman\documents\github\mydaq data to latex tool\mydaq data reformatter\oscilloscope.cpp(288): warning C4244: 'argument': conversion from 'double' to 'float', possible loss of data
d:\users\herman\documents\github\mydaq data to latex tool\mydaq data reformatter\oscilloscope.cpp(290): warning C4244: 'argument': conversion from 'long double' to 'float', possible loss of data
  main.cpp
  DSA.cpp
d:\users\herman\documents\github\mydaq data to latex tool\mydaq data reformatter\dsa.cpp(91): warning C4018: '<=': signed/unsigned mismatch
d:\users\herman\documents\github\mydaq data to latex tool\mydaq data reformatter\dsa.cpp(126): warning C4244: 'argument': conversion from 'double' to 'float', possible loss of data
d:\users\herman\documents\github\mydaq data to latex tool\mydaq data reformatter\dsa.cpp(128): warning C4244: 'argument': conversion from 'long double' to 'float', possible loss of data
d:\users\herman\documents\github\mydaq data to latex tool\mydaq data reformatter\dsa.cpp(135): warning C4018: '<': signed/unsigned mismatch
d:\users\herman\documents\github\mydaq data to latex tool\mydaq data reformatter\dsa.cpp(149): warning C4018: '<': signed/unsigned mismatch
d:\users\herman\documents\github\mydaq data to latex tool\mydaq data reformatter\dsa.cpp(154): warning C4018: '<': signed/unsigned mismatch
d:\users\herman\documents\github\mydaq data to latex tool\mydaq data reformatter\dsa.cpp(159): warning C4018: '<': signed/unsigned mismatch
  data_logger.cpp
d:\users\herman\documents\github\mydaq data to latex tool\mydaq data reformatter\data_logger.cpp(89): warning C4018: '<=': signed/unsigned mismatch
d:\users\herman\documents\github\mydaq data to latex tool\mydaq data reformatter\data_logger.cpp(132): warning C4244: 'argument': conversion from 'long double' to 'float', possible loss of data
d:\users\herman\documents\github\mydaq data to latex tool\mydaq data reformatter\data_logger.cpp(138): warning C4018: '<=': signed/unsigned mismatch
d:\users\herman\documents\github\mydaq data to latex tool\mydaq data reformatter\data_logger.cpp(173): warning C4244: 'argument': conversion from 'double' to 'float', possible loss of data
d:\users\herman\documents\github\mydaq data to latex tool\mydaq data reformatter\data_logger.cpp(175): warning C4244: 'argument': conversion from 'long double' to 'float', possible loss of data
d:\users\herman\documents\github\mydaq data to latex tool\mydaq data reformatter\data_logger.cpp(212): warning C4018: '<=': signed/unsigned mismatch
d:\users\herman\documents\github\mydaq data to latex tool\mydaq data reformatter\data_logger.cpp(280): warning C4244: 'argument': conversion from 'long double' to 'float', possible loss of data
d:\users\herman\documents\github\mydaq data to latex tool\mydaq data reformatter\data_logger.cpp(282): warning C4244: 'argument': conversion from 'long double' to 'float', possible loss of data
d:\users\herman\documents\github\mydaq data to latex tool\mydaq data reformatter\data_logger.cpp(289): warning C4018: '<=': signed/unsigned mismatch
d:\users\herman\documents\github\mydaq data to latex tool\mydaq data reformatter\data_logger.cpp(349): warning C4244: 'argument': conversion from 'double' to 'float', possible loss of data
d:\users\herman\documents\github\mydaq data to latex tool\mydaq data reformatter\data_logger.cpp(351): warning C4244: 'argument': conversion from 'long double' to 'float', possible loss of data
d:\users\herman\documents\github\mydaq data to latex tool\mydaq data reformatter\data_logger.cpp(353): warning C4244: 'argument': conversion from 'long double' to 'float', possible loss of data
  bode.cpp
d:\users\herman\documents\github\mydaq data to latex tool\mydaq data reformatter\bode.cpp(42): warning C4018: '<=': signed/unsigned mismatch
d:\users\herman\documents\github\mydaq data to latex tool\mydaq data reformatter\bode.cpp(62): warning C4018: '<': signed/unsigned mismatch
d:\users\herman\documents\github\mydaq data to latex tool\mydaq data reformatter\bode.cpp(67): warning C4018: '<': signed/unsigned mismatch
d:\users\herman\documents\github\mydaq data to latex tool\mydaq data reformatter\bode.cpp(72): warning C4018: '<': signed/unsigned mismatch
d:\users\herman\documents\github\mydaq data to latex tool\mydaq data reformatter\bode.cpp(77): warning C4018: '<': signed/unsigned mismatch
  Generating Code...
  myDAQ data reformatter.vcxproj -> D:\Users\Herman\Documents\GitHub\myDAQ data to LaTeX tool\Debug\myDAQ data reformatter.exe
  myDAQ data reformatter.vcxproj -> D:\Users\Herman\Documents\GitHub\myDAQ data to LaTeX tool\Debug\myDAQ data reformatter.pdb (Partial PDB)
